# JRE version: Java(TM) SE Runtime Environment (8.0_77-b03) (build 1.8.0_77-b03)
# Java VM: Java HotSpot(TM) 64-Bit Server VM (25.77-b03 mixed mode bsd-amd64 compressed oops)
Heap:
 PSYoungGen      total 180736K, used 35755K [0x00000007aab00000, 0x00000007b9200000, 0x00000007c0000000)
  eden space 129024K, 27% used [0x00000007aab00000,0x00000007acdeacf8,0x00000007b2900000)
  from space 51712K, 0% used [0x00000007b5e80000,0x00000007b5e80000,0x00000007b9100000)
  to   space 53760K, 0% used [0x00000007b2900000,0x00000007b2900000,0x00000007b5d80000)
 ParOldGen       total 162816K, used 42945K [0x0000000780000000, 0x0000000789f00000, 0x00000007aab00000)
  object space 162816K, 26% used [0x0000000780000000,0x00000007829f06b0,0x0000000789f00000)
 Metaspace       used 14428K, capacity 15144K, committed 15232K, reserved 1062912K
  class space    used 1964K, capacity 2164K, committed 2176K, reserved 1048576K
GC Heap History (10 events):
Event: 3.270 GC heap before
{Heap before GC invocations=14 (full 4):
 PSYoungGen      total 109056K, used 100567K [0x00000007aab00000, 0x00000007b5c00000, 0x00000007c0000000)
  eden space 75776K, 98% used [0x00000007aab00000,0x00000007af3a55d0,0x00000007af500000)
  from space 33280K, 78% used [0x00000007af500000,0x00000007b0e90920,0x00000007b1580000)
  to   space 38400K, 0% used [0x00000007b3680000,0x00000007b3680000,0x00000007b5c00000)
 ParOldGen       total 273920K, used 180539K [0x0000000780000000, 0x0000000790b80000, 0x00000007aab00000)
  object space 273920K, 65% used [0x0000000780000000,0x000000078b04edf8,0x0000000790b80000)
 Metaspace       used 8957K, capacity 9336K, committed 9472K, reserved 1056768K
  class space    used 1158K, capacity 1272K, committed 1280K, reserved 1048576K
Event: 3.401 GC heap after
Heap after GC invocations=14 (full 4):
 PSYoungGen      total 136192K, used 38313K [0x00000007aab00000, 0x00000007b6c00000, 0x00000007c0000000)
  eden space 97792K, 0% used [0x00000007aab00000,0x00000007aab00000,0x00000007b0a80000)
  from space 38400K, 99% used [0x00000007b3680000,0x00000007b5bea540,0x00000007b5c00000)
  to   space 45056K, 0% used [0x00000007b0a80000,0x00000007b0a80000,0x00000007b3680000)
 ParOldGen       total 273920K, used 223739K [0x0000000780000000, 0x0000000790b80000, 0x00000007aab00000)
  object space 273920K, 81% used [0x0000000780000000,0x000000078da7eeb8,0x0000000790b80000)
 Metaspace       used 8957K, capacity 9336K, committed 9472K, reserved 1056768K
  class space    used 1158K, capacity 1272K, committed 1280K, reserved 1048576K
}
Event: 3.402 GC heap before
{Heap before GC invocations=15 (full 5):
 PSYoungGen      total 136192K, used 38313K [0x00000007aab00000, 0x00000007b6c00000, 0x00000007c0000000)
  eden space 97792K, 0% used [0x00000007aab00000,0x00000007aab00000,0x00000007b0a80000)
  from space 38400K, 99% used [0x00000007b3680000,0x00000007b5bea540,0x00000007b5c00000)
  to   space 45056K, 0% used [0x00000007b0a80000,0x00000007b0a80000,0x00000007b3680000)
 ParOldGen       total 273920K, used 223739K [0x0000000780000000, 0x0000000790b80000, 0x00000007aab00000)
  object space 273920K, 81% used [0x0000000780000000,0x000000078da7eeb8,0x0000000790b80000)
 Metaspace       used 8957K, capacity 9336K, committed 9472K, reserved 1056768K
  class space    used 1158K, capacity 1272K, committed 1280K, reserved 1048576K
Event: 3.470 GC heap after
Heap after GC invocations=15 (full 5):
 PSYoungGen      total 136192K, used 0K [0x00000007aab00000, 0x00000007b6c00000, 0x00000007c0000000)
  eden space 97792K, 0% used [0x00000007aab00000,0x00000007aab00000,0x00000007b0a80000)
  from space 38400K, 0% used [0x00000007b3680000,0x00000007b3680000,0x00000007b5c00000)
  to   space 45056K, 0% used [0x00000007b0a80000,0x00000007b0a80000,0x00000007b3680000)
 ParOldGen       total 368128K, used 260728K [0x0000000780000000, 0x0000000796780000, 0x00000007aab00000)
  object space 368128K, 70% used [0x0000000780000000,0x000000078fe9e118,0x0000000796780000)
 Metaspace       used 8957K, capacity 9336K, committed 9472K, reserved 1056768K
  class space    used 1158K, capacity 1272K, committed 1280K, reserved 1048576K
}
Event: 7.707 GC heap before
{Heap before GC invocations=16 (full 5):
 PSYoungGen      total 136192K, used 82680K [0x00000007aab00000, 0x00000007b6c00000, 0x00000007c0000000)
  eden space 97792K, 84% used [0x00000007aab00000,0x00000007afbbe1d0,0x00000007b0a80000)
  from space 38400K, 0% used [0x00000007b3680000,0x00000007b3680000,0x00000007b5c00000)
  to   space 45056K, 0% used [0x00000007b0a80000,0x00000007b0a80000,0x00000007b3680000)
 ParOldGen       total 368128K, used 260728K [0x0000000780000000, 0x0000000796780000, 0x00000007aab00000)
  object space 368128K, 70% used [0x0000000780000000,0x000000078fe9e118,0x0000000796780000)
 Metaspace       used 13297K, capacity 13934K, committed 14080K, reserved 1060864K
  class space    used 1850K, capacity 2033K, committed 2048K, reserved 1048576K
Event: 7.809 GC heap after
Heap after GC invocations=16 (full 5):
 PSYoungGen      total 142848K, used 42516K [0x00000007aab00000, 0x00000007b9100000, 0x00000007c0000000)
  eden space 97792K, 0% used [0x00000007aab00000,0x00000007aab00000,0x00000007b0a80000)
  from space 45056K, 94% used [0x00000007b0a80000,0x00000007b34050d0,0x00000007b3680000)
  to   space 51712K, 0% used [0x00000007b5e80000,0x00000007b5e80000,0x00000007b9100000)
 ParOldGen       total 368128K, used 271536K [0x0000000780000000, 0x0000000796780000, 0x00000007aab00000)
  object space 368128K, 73% used [0x0000000780000000,0x000000079092c148,0x0000000796780000)
 Metaspace       used 13297K, capacity 13934K, committed 14080K, reserved 1060864K
  class space    used 1850K, capacity 2033K, committed 2048K, reserved 1048576K
}
Event: 11.636 GC heap before
{Heap before GC invocations=17 (full 5):
 PSYoungGen      total 142848K, used 113956K [0x00000007aab00000, 0x00000007b9100000, 0x00000007c0000000)
  eden space 97792K, 73% used [0x00000007aab00000,0x00000007af0c4158,0x00000007b0a80000)
  from space 45056K, 94% used [0x00000007b0a80000,0x00000007b34050d0,0x00000007b3680000)
  to   space 51712K, 0% used [0x00000007b5e80000,0x00000007b5e80000,0x00000007b9100000)
 ParOldGen       total 368128K, used 271536K [0x0000000780000000, 0x0000000796780000, 0x00000007aab00000)
  object space 368128K, 73% used [0x0000000780000000,0x000000079092c148,0x0000000796780000)
 Metaspace       used 14381K, capacity 15144K, committed 15232K, reserved 1062912K
  class space    used 1962K, capacity 2164K, committed 2176K, reserved 1048576K
Event: 11.774 GC heap after
Heap after GC invocations=17 (full 5):
 PSYoungGen      total 180736K, used 33904K [0x00000007aab00000, 0x00000007b9200000, 0x00000007c0000000)
  eden space 129024K, 0% used [0x00000007aab00000,0x00000007aab00000,0x00000007b2900000)
  from space 51712K, 65% used [0x00000007b5e80000,0x00000007b7f9c020,0x00000007b9100000)
  to   space 53760K, 0% used [0x00000007b2900000,0x00000007b2900000,0x00000007b5d80000)
 ParOldGen       total 368128K, used 312935K [0x0000000780000000, 0x0000000796780000, 0x00000007aab00000)
  object space 368128K, 85% used [0x0000000780000000,0x0000000793199f78,0x0000000796780000)
 Metaspace       used 14381K, capacity 15144K, committed 15232K, reserved 1062912K
  class space    used 1962K, capacity 2164K, committed 2176K, reserved 1048576K
}
Event: 11.774 GC heap before
{Heap before GC invocations=18 (full 6):
 PSYoungGen      total 180736K, used 33904K [0x00000007aab00000, 0x00000007b9200000, 0x00000007c0000000)
  eden space 129024K, 0% used [0x00000007aab00000,0x00000007aab00000,0x00000007b2900000)
  from space 51712K, 65% used [0x00000007b5e80000,0x00000007b7f9c020,0x00000007b9100000)
  to   space 53760K, 0% used [0x00000007b2900000,0x00000007b2900000,0x00000007b5d80000)
 ParOldGen       total 368128K, used 312935K [0x0000000780000000, 0x0000000796780000, 0x00000007aab00000)
  object space 368128K, 85% used [0x0000000780000000,0x0000000793199f78,0x0000000796780000)
 Metaspace       used 14381K, capacity 15144K, committed 15232K, reserved 1062912K
  class space    used 1962K, capacity 2164K, committed 2176K, reserved 1048576K
Event: 11.835 GC heap after
Heap after GC invocations=18 (full 6):
 PSYoungGen      total 180736K, used 0K [0x00000007aab00000, 0x00000007b9200000, 0x00000007c0000000)
  eden space 129024K, 0% used [0x00000007aab00000,0x00000007aab00000,0x00000007b2900000)
  from space 51712K, 0% used [0x00000007b5e80000,0x00000007b5e80000,0x00000007b9100000)
  to   space 53760K, 0% used [0x00000007b2900000,0x00000007b2900000,0x00000007b5d80000)
 ParOldGen       total 162816K, used 42945K [0x0000000780000000, 0x0000000789f00000, 0x00000007aab00000)
  object space 162816K, 26% used [0x0000000780000000,0x00000007829f06b0,0x0000000789f00000)
 Metaspace       used 14381K, capacity 15144K, committed 15232K, reserved 1062912K
  class space    used 1962K, capacity 2164K, committed 2176K, reserved 1048576K
}

