# JRE version: Java(TM) SE Runtime Environment (8.0_77-b03) (build 1.8.0_77-b03)
# Java VM: Java HotSpot(TM) 64-Bit Server VM (25.77-b03 mixed mode bsd-amd64 compressed oops)
Heap:
 PSYoungGen      total 150528K, used 36229K [0x00000007aab00000, 0x00000007b6480000, 0x00000007c0000000)
  eden space 118784K, 30% used [0x00000007aab00000,0x00000007ace61550,0x00000007b1f00000)
  from space 31744K, 0% used [0x00000007b4180000,0x00000007b4180000,0x00000007b6080000)
  to   space 35328K, 0% used [0x00000007b1f00000,0x00000007b1f00000,0x00000007b4180000)
 ParOldGen       total 163328K, used 38347K [0x0000000780000000, 0x0000000789f80000, 0x00000007aab00000)
  object space 163328K, 23% used [0x0000000780000000,0x0000000782572c30,0x0000000789f80000)
 Metaspace       used 14426K, capacity 15144K, committed 15232K, reserved 1062912K
  class space    used 1964K, capacity 2164K, committed 2176K, reserved 1048576K
GC Heap History (10 events):
Event: 4.275 GC heap before
{Heap before GC invocations=14 (full 4):
 PSYoungGen      total 89600K, used 87294K [0x00000007aab00000, 0x00000007b3580000, 0x00000007c0000000)
  eden space 70144K, 97% used [0x00000007aab00000,0x00000007aed7db60,0x00000007aef80000)
  from space 19456K, 98% used [0x00000007aef80000,0x00000007b0241ce0,0x00000007b0280000)
  to   space 23040K, 0% used [0x00000007b1f00000,0x00000007b1f00000,0x00000007b3580000)
 ParOldGen       total 281600K, used 183907K [0x0000000780000000, 0x0000000791300000, 0x00000007aab00000)
  object space 281600K, 65% used [0x0000000780000000,0x000000078b398f18,0x0000000791300000)
 Metaspace       used 8952K, capacity 9340K, committed 9472K, reserved 1056768K
  class space    used 1156K, capacity 1272K, committed 1280K, reserved 1048576K
Event: 4.310 GC heap after
Heap after GC invocations=14 (full 4):
 PSYoungGen      total 114688K, used 22936K [0x00000007aab00000, 0x00000007b3f80000, 0x00000007c0000000)
  eden space 91648K, 0% used [0x00000007aab00000,0x00000007aab00000,0x00000007b0480000)
  from space 23040K, 99% used [0x00000007b1f00000,0x00000007b35662b0,0x00000007b3580000)
  to   space 27136K, 0% used [0x00000007b0480000,0x00000007b0480000,0x00000007b1f00000)
 ParOldGen       total 281600K, used 230723K [0x0000000780000000, 0x0000000791300000, 0x00000007aab00000)
  object space 281600K, 81% used [0x0000000780000000,0x000000078e150fe8,0x0000000791300000)
 Metaspace       used 8952K, capacity 9340K, committed 9472K, reserved 1056768K
  class space    used 1156K, capacity 1272K, committed 1280K, reserved 1048576K
}
Event: 4.310 GC heap before
{Heap before GC invocations=15 (full 5):
 PSYoungGen      total 114688K, used 22936K [0x00000007aab00000, 0x00000007b3f80000, 0x00000007c0000000)
  eden space 91648K, 0% used [0x00000007aab00000,0x00000007aab00000,0x00000007b0480000)
  from space 23040K, 99% used [0x00000007b1f00000,0x00000007b35662b0,0x00000007b3580000)
  to   space 27136K, 0% used [0x00000007b0480000,0x00000007b0480000,0x00000007b1f00000)
 ParOldGen       total 281600K, used 230723K [0x0000000780000000, 0x0000000791300000, 0x00000007aab00000)
  object space 281600K, 81% used [0x0000000780000000,0x000000078e150fe8,0x0000000791300000)
 Metaspace       used 8952K, capacity 9340K, committed 9472K, reserved 1056768K
  class space    used 1156K, capacity 1272K, committed 1280K, reserved 1048576K
Event: 4.334 GC heap after
Heap after GC invocations=15 (full 5):
 PSYoungGen      total 114688K, used 0K [0x00000007aab00000, 0x00000007b3f80000, 0x00000007c0000000)
  eden space 91648K, 0% used [0x00000007aab00000,0x00000007aab00000,0x00000007b0480000)
  from space 23040K, 0% used [0x00000007b1f00000,0x00000007b1f00000,0x00000007b3580000)
  to   space 27136K, 0% used [0x00000007b0480000,0x00000007b0480000,0x00000007b1f00000)
 ParOldGen       total 366592K, used 253526K [0x0000000780000000, 0x0000000796600000, 0x00000007aab00000)
  object space 366592K, 69% used [0x0000000780000000,0x000000078f7958e8,0x0000000796600000)
 Metaspace       used 8952K, capacity 9340K, committed 9472K, reserved 1056768K
  class space    used 1156K, capacity 1272K, committed 1280K, reserved 1048576K
}
Event: 7.662 GC heap before
{Heap before GC invocations=16 (full 5):
 PSYoungGen      total 114688K, used 91648K [0x00000007aab00000, 0x00000007b3f80000, 0x00000007c0000000)
  eden space 91648K, 100% used [0x00000007aab00000,0x00000007b0480000,0x00000007b0480000)
  from space 23040K, 0% used [0x00000007b1f00000,0x00000007b1f00000,0x00000007b3580000)
  to   space 27136K, 0% used [0x00000007b0480000,0x00000007b0480000,0x00000007b1f00000)
 ParOldGen       total 366592K, used 253526K [0x0000000780000000, 0x0000000796600000, 0x00000007aab00000)
  object space 366592K, 69% used [0x0000000780000000,0x000000078f7958e8,0x0000000796600000)
 Metaspace       used 13204K, capacity 13810K, committed 14080K, reserved 1060864K
  class space    used 1847K, capacity 2033K, committed 2048K, reserved 1048576K
Event: 7.732 GC heap after
Heap after GC invocations=16 (full 5):
 PSYoungGen      total 118784K, used 27078K [0x00000007aab00000, 0x00000007b6080000, 0x00000007c0000000)
  eden space 91648K, 0% used [0x00000007aab00000,0x00000007aab00000,0x00000007b0480000)
  from space 27136K, 99% used [0x00000007b0480000,0x00000007b1ef1b00,0x00000007b1f00000)
  to   space 31744K, 0% used [0x00000007b4180000,0x00000007b4180000,0x00000007b6080000)
 ParOldGen       total 366592K, used 286958K [0x0000000780000000, 0x0000000796600000, 0x00000007aab00000)
  object space 366592K, 78% used [0x0000000780000000,0x000000079183b988,0x0000000796600000)
 Metaspace       used 13204K, capacity 13810K, committed 14080K, reserved 1060864K
  class space    used 1847K, capacity 2033K, committed 2048K, reserved 1048576K
}
Event: 13.345 GC heap before
{Heap before GC invocations=17 (full 5):
 PSYoungGen      total 118784K, used 100886K [0x00000007aab00000, 0x00000007b6080000, 0x00000007c0000000)
  eden space 91648K, 80% used [0x00000007aab00000,0x00000007af3140d0,0x00000007b0480000)
  from space 27136K, 99% used [0x00000007b0480000,0x00000007b1ef1b00,0x00000007b1f00000)
  to   space 31744K, 0% used [0x00000007b4180000,0x00000007b4180000,0x00000007b6080000)
 ParOldGen       total 366592K, used 286958K [0x0000000780000000, 0x0000000796600000, 0x00000007aab00000)
  object space 366592K, 78% used [0x0000000780000000,0x000000079183b988,0x0000000796600000)
 Metaspace       used 14387K, capacity 15080K, committed 15232K, reserved 1062912K
  class space    used 1962K, capacity 2164K, committed 2176K, reserved 1048576K
Event: 13.430 GC heap after
Heap after GC invocations=17 (full 5):
 PSYoungGen      total 150528K, used 27490K [0x00000007aab00000, 0x00000007b6480000, 0x00000007c0000000)
  eden space 118784K, 0% used [0x00000007aab00000,0x00000007aab00000,0x00000007b1f00000)
  from space 31744K, 86% used [0x00000007b4180000,0x00000007b5c58b00,0x00000007b6080000)
  to   space 35328K, 0% used [0x00000007b1f00000,0x00000007b1f00000,0x00000007b4180000)
 ParOldGen       total 366592K, used 319366K [0x0000000780000000, 0x0000000796600000, 0x00000007aab00000)
  object space 366592K, 87% used [0x0000000780000000,0x00000007937e1998,0x0000000796600000)
 Metaspace       used 14387K, capacity 15080K, committed 15232K, reserved 1062912K
  class space    used 1962K, capacity 2164K, committed 2176K, reserved 1048576K
}
Event: 13.430 GC heap before
{Heap before GC invocations=18 (full 6):
 PSYoungGen      total 150528K, used 27490K [0x00000007aab00000, 0x00000007b6480000, 0x00000007c0000000)
  eden space 118784K, 0% used [0x00000007aab00000,0x00000007aab00000,0x00000007b1f00000)
  from space 31744K, 86% used [0x00000007b4180000,0x00000007b5c58b00,0x00000007b6080000)
  to   space 35328K, 0% used [0x00000007b1f00000,0x00000007b1f00000,0x00000007b4180000)
 ParOldGen       total 366592K, used 319366K [0x0000000780000000, 0x0000000796600000, 0x00000007aab00000)
  object space 366592K, 87% used [0x0000000780000000,0x00000007937e1998,0x0000000796600000)
 Metaspace       used 14387K, capacity 15080K, committed 15232K, reserved 1062912K
  class space    used 1962K, capacity 2164K, committed 2176K, reserved 1048576K
Event: 13.494 GC heap after
Heap after GC invocations=18 (full 6):
 PSYoungGen      total 150528K, used 0K [0x00000007aab00000, 0x00000007b6480000, 0x00000007c0000000)
  eden space 118784K, 0% used [0x00000007aab00000,0x00000007aab00000,0x00000007b1f00000)
  from space 31744K, 0% used [0x00000007b4180000,0x00000007b4180000,0x00000007b6080000)
  to   space 35328K, 0% used [0x00000007b1f00000,0x00000007b1f00000,0x00000007b4180000)
 ParOldGen       total 163328K, used 38347K [0x0000000780000000, 0x0000000789f80000, 0x00000007aab00000)
  object space 163328K, 23% used [0x0000000780000000,0x0000000782572c30,0x0000000789f80000)
 Metaspace       used 14387K, capacity 15080K, committed 15232K, reserved 1062912K
  class space    used 1962K, capacity 2164K, committed 2176K, reserved 1048576K
}

