# JRE version: Java(TM) SE Runtime Environment (8.0_77-b03) (build 1.8.0_77-b03)
# Java VM: Java HotSpot(TM) 64-Bit Server VM (25.77-b03 mixed mode bsd-amd64 compressed oops)
Heap:
 PSYoungGen      total 195584K, used 36517K [0x00000007aab00000, 0x00000007b9f80000, 0x00000007c0000000)
  eden space 145920K, 25% used [0x00000007aab00000,0x00000007acea9520,0x00000007b3980000)
  from space 49664K, 0% used [0x00000007b6f00000,0x00000007b6f00000,0x00000007b9f80000)
  to   space 52224K, 0% used [0x00000007b3980000,0x00000007b3980000,0x00000007b6c80000)
 ParOldGen       total 161280K, used 43449K [0x0000000780000000, 0x0000000789d80000, 0x00000007aab00000)
  object space 161280K, 26% used [0x0000000780000000,0x0000000782a6e6a8,0x0000000789d80000)
 Metaspace       used 14897K, capacity 15606K, committed 15744K, reserved 1062912K
  class space    used 1969K, capacity 2169K, committed 2176K, reserved 1048576K
GC Heap History (10 events):
Event: 4.794 GC heap before
{Heap before GC invocations=14 (full 4):
 PSYoungGen      total 114176K, used 108127K [0x00000007aab00000, 0x00000007b6680000, 0x00000007c0000000)
  eden space 81408K, 95% used [0x00000007aab00000,0x00000007af748b60,0x00000007afa80000)
  from space 32768K, 91% used [0x00000007afa80000,0x00000007b17cf2a8,0x00000007b1a80000)
  to   space 37376K, 0% used [0x00000007b4200000,0x00000007b4200000,0x00000007b6680000)
 ParOldGen       total 269824K, used 180309K [0x0000000780000000, 0x0000000790780000, 0x00000007aab00000)
  object space 269824K, 66% used [0x0000000780000000,0x000000078b015650,0x0000000790780000)
 Metaspace       used 8950K, capacity 9328K, committed 9472K, reserved 1056768K
  class space    used 1156K, capacity 1272K, committed 1280K, reserved 1048576K
Event: 4.849 GC heap after
Heap after GC invocations=14 (full 4):
 PSYoungGen      total 148480K, used 37328K [0x00000007aab00000, 0x00000007b7280000, 0x00000007c0000000)
  eden space 111104K, 0% used [0x00000007aab00000,0x00000007aab00000,0x00000007b1780000)
  from space 37376K, 99% used [0x00000007b4200000,0x00000007b6674160,0x00000007b6680000)
  to   space 43520K, 0% used [0x00000007b1780000,0x00000007b1780000,0x00000007b4200000)
 ParOldGen       total 269824K, used 230733K [0x0000000780000000, 0x0000000790780000, 0x00000007aab00000)
  object space 269824K, 85% used [0x0000000780000000,0x000000078e153730,0x0000000790780000)
 Metaspace       used 8950K, capacity 9328K, committed 9472K, reserved 1056768K
  class space    used 1156K, capacity 1272K, committed 1280K, reserved 1048576K
}
Event: 4.849 GC heap before
{Heap before GC invocations=15 (full 5):
 PSYoungGen      total 148480K, used 37328K [0x00000007aab00000, 0x00000007b7280000, 0x00000007c0000000)
  eden space 111104K, 0% used [0x00000007aab00000,0x00000007aab00000,0x00000007b1780000)
  from space 37376K, 99% used [0x00000007b4200000,0x00000007b6674160,0x00000007b6680000)
  to   space 43520K, 0% used [0x00000007b1780000,0x00000007b1780000,0x00000007b4200000)
 ParOldGen       total 269824K, used 230733K [0x0000000780000000, 0x0000000790780000, 0x00000007aab00000)
  object space 269824K, 85% used [0x0000000780000000,0x000000078e153730,0x0000000790780000)
 Metaspace       used 8950K, capacity 9328K, committed 9472K, reserved 1056768K
  class space    used 1156K, capacity 1272K, committed 1280K, reserved 1048576K
Event: 4.931 GC heap after
Heap after GC invocations=15 (full 5):
 PSYoungGen      total 148480K, used 0K [0x00000007aab00000, 0x00000007b7280000, 0x00000007c0000000)
  eden space 111104K, 0% used [0x00000007aab00000,0x00000007aab00000,0x00000007b1780000)
  from space 37376K, 0% used [0x00000007b4200000,0x00000007b4200000,0x00000007b6680000)
  to   space 43520K, 0% used [0x00000007b1780000,0x00000007b1780000,0x00000007b4200000)
 ParOldGen       total 372224K, used 267918K [0x0000000780000000, 0x0000000796b80000, 0x00000007aab00000)
  object space 372224K, 71% used [0x0000000780000000,0x00000007905a3a00,0x0000000796b80000)
 Metaspace       used 8950K, capacity 9328K, committed 9472K, reserved 1056768K
  class space    used 1156K, capacity 1272K, committed 1280K, reserved 1048576K
}
Event: 21.572 GC heap before
{Heap before GC invocations=16 (full 5):
 PSYoungGen      total 148480K, used 111104K [0x00000007aab00000, 0x00000007b7280000, 0x00000007c0000000)
  eden space 111104K, 100% used [0x00000007aab00000,0x00000007b1780000,0x00000007b1780000)
  from space 37376K, 0% used [0x00000007b4200000,0x00000007b4200000,0x00000007b6680000)
  to   space 43520K, 0% used [0x00000007b1780000,0x00000007b1780000,0x00000007b4200000)
 ParOldGen       total 372224K, used 267918K [0x0000000780000000, 0x0000000796b80000, 0x00000007aab00000)
  object space 372224K, 71% used [0x0000000780000000,0x00000007905a3a00,0x0000000796b80000)
 Metaspace       used 14546K, capacity 15256K, committed 15488K, reserved 1062912K
  class space    used 1945K, capacity 2152K, committed 2176K, reserved 1048576K
Event: 21.681 GC heap after
Heap after GC invocations=16 (full 5):
 PSYoungGen      total 154624K, used 42868K [0x00000007aab00000, 0x00000007ba000000, 0x00000007c0000000)
  eden space 111104K, 0% used [0x00000007aab00000,0x00000007aab00000,0x00000007b1780000)
  from space 43520K, 98% used [0x00000007b1780000,0x00000007b415d050,0x00000007b4200000)
  to   space 50176K, 0% used [0x00000007b6f00000,0x00000007b6f00000,0x00000007ba000000)
 ParOldGen       total 372224K, used 303926K [0x0000000780000000, 0x0000000796b80000, 0x00000007aab00000)
  object space 372224K, 81% used [0x0000000780000000,0x00000007928cdaa0,0x0000000796b80000)
 Metaspace       used 14546K, capacity 15256K, committed 15488K, reserved 1062912K
  class space    used 1945K, capacity 2152K, committed 2176K, reserved 1048576K
}
Event: 35.672 GC heap before
{Heap before GC invocations=17 (full 5):
 PSYoungGen      total 154624K, used 152204K [0x00000007aab00000, 0x00000007ba000000, 0x00000007c0000000)
  eden space 111104K, 98% used [0x00000007aab00000,0x00000007b15c6120,0x00000007b1780000)
  from space 43520K, 98% used [0x00000007b1780000,0x00000007b415d050,0x00000007b4200000)
  to   space 50176K, 0% used [0x00000007b6f00000,0x00000007b6f00000,0x00000007ba000000)
 ParOldGen       total 372224K, used 303926K [0x0000000780000000, 0x0000000796b80000, 0x00000007aab00000)
  object space 372224K, 81% used [0x0000000780000000,0x00000007928cdaa0,0x0000000796b80000)
 Metaspace       used 14875K, capacity 15606K, committed 15744K, reserved 1062912K
  class space    used 1967K, capacity 2169K, committed 2176K, reserved 1048576K
Event: 35.774 GC heap after
Heap after GC invocations=17 (full 5):
 PSYoungGen      total 195584K, used 33704K [0x00000007aab00000, 0x00000007b9f80000, 0x00000007c0000000)
  eden space 145920K, 0% used [0x00000007aab00000,0x00000007aab00000,0x00000007b3980000)
  from space 49664K, 67% used [0x00000007b6f00000,0x00000007b8fea020,0x00000007b9f80000)
  to   space 52224K, 0% used [0x00000007b3980000,0x00000007b3980000,0x00000007b6c80000)
 ParOldGen       total 372224K, used 345624K [0x0000000780000000, 0x0000000796b80000, 0x00000007aab00000)
  object space 372224K, 92% used [0x0000000780000000,0x00000007951861d8,0x0000000796b80000)
 Metaspace       used 14875K, capacity 15606K, committed 15744K, reserved 1062912K
  class space    used 1967K, capacity 2169K, committed 2176K, reserved 1048576K
}
Event: 35.774 GC heap before
{Heap before GC invocations=18 (full 6):
 PSYoungGen      total 195584K, used 33704K [0x00000007aab00000, 0x00000007b9f80000, 0x00000007c0000000)
  eden space 145920K, 0% used [0x00000007aab00000,0x00000007aab00000,0x00000007b3980000)
  from space 49664K, 67% used [0x00000007b6f00000,0x00000007b8fea020,0x00000007b9f80000)
  to   space 52224K, 0% used [0x00000007b3980000,0x00000007b3980000,0x00000007b6c80000)
 ParOldGen       total 372224K, used 345624K [0x0000000780000000, 0x0000000796b80000, 0x00000007aab00000)
  object space 372224K, 92% used [0x0000000780000000,0x00000007951861d8,0x0000000796b80000)
 Metaspace       used 14875K, capacity 15606K, committed 15744K, reserved 1062912K
  class space    used 1967K, capacity 2169K, committed 2176K, reserved 1048576K
Event: 35.883 GC heap after
Heap after GC invocations=18 (full 6):
 PSYoungGen      total 195584K, used 0K [0x00000007aab00000, 0x00000007b9f80000, 0x00000007c0000000)
  eden space 145920K, 0% used [0x00000007aab00000,0x00000007aab00000,0x00000007b3980000)
  from space 49664K, 0% used [0x00000007b6f00000,0x00000007b6f00000,0x00000007b9f80000)
  to   space 52224K, 0% used [0x00000007b3980000,0x00000007b3980000,0x00000007b6c80000)
 ParOldGen       total 161280K, used 43449K [0x0000000780000000, 0x0000000789d80000, 0x00000007aab00000)
  object space 161280K, 26% used [0x0000000780000000,0x0000000782a6e6a8,0x0000000789d80000)
 Metaspace       used 14875K, capacity 15606K, committed 15744K, reserved 1062912K
  class space    used 1967K, capacity 2169K, committed 2176K, reserved 1048576K
}

